/tmp/tmpuma5i263/dolfin_expression_e0ac16188505f2fbe20861112748368c.cpp: In member function 'virtual void dolfin::dolfin_expression_e0ac16188505f2fbe20861112748368c::eval(Eigen::Ref<Eigen::Matrix<double, -1, 1> >, Eigen::Ref<const Eigen::Matrix<double, -1, 1> >) const':
/tmp/tmpuma5i263/dolfin_expression_e0ac16188505f2fbe20861112748368c.cpp:61:23: error: 'G' was not declared in this scope
           values[0] = G/(4*mu)(100-x[1]**2);
                       ^
/tmp/tmpuma5i263/dolfin_expression_e0ac16188505f2fbe20861112748368c.cpp:61:28: error: 'mu' was not declared in this scope
           values[0] = G/(4*mu)(100-x[1]**2);
                            ^~
/tmp/tmpuma5i263/dolfin_expression_e0ac16188505f2fbe20861112748368c.cpp:61:42: error: invalid type argument of unary '*' (have 'int')
           values[0] = G/(4*mu)(100-x[1]**2);
                                          ^
